0 verbose cli /opt/homebrew/Cellar/node/24.7.0/bin/node /opt/homebrew/lib/node_modules/npm/bin/npm-cli.js
1 info using npm@11.5.1
2 info using node@v24.7.0
3 silly config load:file:/opt/homebrew/lib/node_modules/npm/npmrc
4 silly config load:file:/Volumes/Seagate/MEZIANI.ORG/Labs/Thela/landing/.npmrc
5 silly config load:file:/Users/yanimeziani/.npmrc
6 silly config load:file:/opt/homebrew/etc/npmrc
7 verbose title npm exec playwright@1.48.2 eval const { chromium } = require('playwright'); (async () => { const browser = await chromium.launch(); const page = await browser.newPage(); await page.goto('https://thala.app/en', { waitUntil: 'networkidle' }); const info = await page.evaluate(() => { const video = document.querySelector('video'); return video ? { readyState: video.readyState, paused: video.paused, currentTime: video.currentTime, error: video.error && video.error.code } : null; }); console.log(info); await browser.close(); })();
8 verbose argv "exec" "--yes" "--" "playwright@1.48.2" "eval" "const { chromium } = require('playwright'); (async () => { const browser = await chromium.launch(); const page = await browser.newPage(); await page.goto('https://thala.app/en', { waitUntil: 'networkidle' }); const info = await page.evaluate(() => { const video = document.querySelector('video'); return video ? { readyState: video.readyState, paused: video.paused, currentTime: video.currentTime, error: video.error && video.error.code } : null; }); console.log(info); await browser.close(); })();"
9 verbose logfile logs-max:10 dir:/Volumes/Seagate/MEZIANI.ORG/Labs/Thela/landing/.npm-cache/_logs/2025-10-03T19_12_14_061Z-
10 verbose logfile /Volumes/Seagate/MEZIANI.ORG/Labs/Thela/landing/.npm-cache/_logs/2025-10-03T19_12_14_061Z-debug-0.log
11 silly logfile done cleaning log files
12 silly packumentCache heap:4496293888 maxSize:1124073472 maxEntrySize:562036736
13 verbose shrinkwrap failed to load node_modules/.package-lock.json out of date, updated: node_modules
14 http fetch GET 200 https://registry.npmjs.org/npm 183ms
15 http fetch GET 200 https://registry.npmjs.org/playwright 348ms (cache miss)
16 silly packumentCache heap:4496293888 maxSize:1124073472 maxEntrySize:562036736
17 silly packumentCache heap:4496293888 maxSize:1124073472 maxEntrySize:562036736
18 silly idealTree buildDeps
19 silly fetch manifest playwright@1.48.2
20 silly packumentCache full:https://registry.npmjs.org/playwright cache-miss
21 http fetch GET 200 https://registry.npmjs.org/playwright 763ms (cache miss)
22 silly packumentCache full:https://registry.npmjs.org/playwright set size:undefined disposed:false
23 silly placeDep ROOT playwright@1.48.2 OK for:  want: 1.48.2
24 silly fetch manifest playwright-core@1.48.2
25 silly packumentCache full:https://registry.npmjs.org/playwright-core cache-miss
26 silly fetch manifest fsevents@2.3.2
27 silly packumentCache full:https://registry.npmjs.org/fsevents cache-miss
28 http fetch GET 200 https://registry.npmjs.org/fsevents 69ms (cache miss)
29 silly packumentCache full:https://registry.npmjs.org/fsevents set size:undefined disposed:false
30 http fetch GET 200 https://registry.npmjs.org/playwright-core 361ms (cache miss)
31 silly packumentCache full:https://registry.npmjs.org/playwright-core set size:undefined disposed:false
32 silly placeDep ROOT fsevents@2.3.2 OK for: playwright@1.48.2 want: 2.3.2
33 silly placeDep ROOT playwright-core@1.48.2 OK for: playwright@1.48.2 want: 1.48.2
34 silly reify moves {}
35 silly audit bulk request {
35 silly audit   playwright: [ '1.48.2' ],
35 silly audit   fsevents: [ '2.3.2' ],
35 silly audit   'playwright-core': [ '1.48.2' ]
35 silly audit }
36 http cache playwright-core@https://registry.npmjs.org/playwright-core/-/playwright-core-1.48.2.tgz 0ms (cache hit)
37 http cache fsevents@https://registry.npmjs.org/fsevents/-/fsevents-2.3.2.tgz 0ms (cache hit)
38 http cache playwright@https://registry.npmjs.org/playwright/-/playwright-1.48.2.tgz 0ms (cache hit)
39 silly tarball no local data for playwright-core@https://registry.npmjs.org/playwright-core/-/playwright-core-1.48.2.tgz. Extracting by manifest.
40 silly tarball no local data for fsevents@https://registry.npmjs.org/fsevents/-/fsevents-2.3.2.tgz. Extracting by manifest.
41 silly tarball no local data for playwright@https://registry.npmjs.org/playwright/-/playwright-1.48.2.tgz. Extracting by manifest.
42 http fetch GET 200 https://registry.npmjs.org/fsevents/-/fsevents-2.3.2.tgz 138ms (cache miss)
43 http fetch POST 200 https://registry.npmjs.org/-/npm/v1/security/advisories/bulk 162ms
44 silly audit report {}
45 http fetch GET 200 https://registry.npmjs.org/playwright/-/playwright-1.48.2.tgz 305ms (cache miss)
46 http fetch GET 200 https://registry.npmjs.org/playwright-core/-/playwright-core-1.48.2.tgz 391ms (cache miss)
47 info run fsevents@2.3.2 install node_modules/fsevents node-gyp rebuild
48 info run fsevents@2.3.2 install { code: 1, signal: null }
49 verbose reify failed optional dependency /Volumes/Seagate/MEZIANI.ORG/Labs/Thela/landing/.npm-cache/_npx/7f4967a1621aa3dc/node_modules/fsevents
50 silly reify mark deleted [
50 silly reify   '/Volumes/Seagate/MEZIANI.ORG/Labs/Thela/landing/.npm-cache/_npx/7f4967a1621aa3dc/node_modules/fsevents'
50 silly reify ]
51 verbose cwd /Volumes/Seagate/MEZIANI.ORG/Labs/Thela/landing
52 verbose os Darwin 25.0.0
53 verbose node v24.7.0
54 verbose npm  v11.5.1
55 notice
55 notice New minor version of npm available! 11.5.1 -> 11.6.1
55 notice Changelog: https://github.com/npm/cli/releases/tag/v11.6.1
55 notice To update run: npm install -g npm@11.6.1
55 notice  { force: true, Symbol(proc-log.meta): true }
56 verbose exit 1
57 verbose code 1
